2017-07-04 00:51:42,405:INFO: Command by Killer in PM: /patch super mario world samus
2017-07-04 01:05:18,971:INFO: Command by Killer in PM: /tool testando
2017-07-04 01:05:22,973:INFO: Command by Killer in PM: /tool mario
2017-07-04 01:05:28,698:INFO: Command by Killer in PM: /patch mario
2017-07-04 01:05:36,532:INFO: Command by Killer in PM: /tool mario 64 level
2017-07-04 01:16:01,813:INFO: Command by Killer in PM: /patch super mario world samus
2017-07-04 01:27:08,690:INFO: Command by Killer in PM: /patch super mario world samus
2017-07-04 01:28:02,947:INFO: Command by Killer in PM: /patch super mario world samus
2017-07-04 01:28:50,036:INFO: Command by Killer in PM: /patch super mario world samus
2017-07-04 01:29:24,603:INFO: Command by Killer in PM: /patch super mario world samus
2017-07-04 01:30:35,560:INFO: Command by Killer in PM: /patch super mario world samus
2017-07-04 01:33:20,721:INFO: Command by Killer in PM: /patch super mario world samus
2017-07-04 01:35:14,054:INFO: Command by Killer in PM: /patch super mario world samus
2017-07-04 01:36:08,670:INFO: Command by Killer in PM: /patch super mario world samus
2017-07-04 01:52:47,437:INFO: Command by Killer in PM: /patch super mario world samus
2017-07-04 01:53:56,655:INFO: Command by Killer in PM: /patch super mario world samus
2017-07-04 01:54:39,916:INFO: Command by Killer in PM: /patch super mario world samus
2017-07-04 01:55:58,749:INFO: Command by Killer in PM: /patch super mario world samus
2017-07-04 01:56:22,388:INFO: Command by Killer in PM: /patch super mario world samus
2017-07-04 02:00:24,463:INFO: Command by Killer in PM: /patch super mario world samus
2017-07-04 02:03:41,075:INFO: Command by Killer in PM: /patch super mario world samus
2017-07-04 02:05:59,040:INFO: Command by Killer in PM: /patch super mario world samus
2017-07-04 02:07:26,382:INFO: Command by Killer in PM: /patch super mario world samus
2017-07-04 02:08:18,836:INFO: Command by Killer in PM: /patch super mario world samus
2017-07-04 02:09:30,289:INFO: Command by Killer in PM: /patch super mario world samus
2017-07-04 02:10:33,611:INFO: Command by Killer in PM: /patch super mario world samus
2017-07-04 02:11:22,380:INFO: Command by Killer in PM: /patch super mario world samus
2017-07-04 02:11:53,367:INFO: Command by Killer in PM: /patch super mario world samus
2017-07-04 02:13:37,468:INFO: Command by Killer in PM: /patch super mario world samus
2017-07-04 02:16:30,651:INFO: Command by Killer in PM: /patch super mario world samus
2017-07-04 02:18:19,231:INFO: Command by Killer in PM: /patch super mario world samus
2017-07-04 02:18:42,804:INFO: Command by Killer in PM: /patch super mario world samus
2017-07-04 02:19:20,726:INFO: Command by Killer in PM: /patch super mario world samus
2017-07-04 02:20:24,425:INFO: Command by Killer in PM: /patch super mario world samus
2017-07-04 02:20:47,035:INFO: Command by Killer in PM: /patch super mario world samus
2017-07-04 02:22:39,463:INFO: Command by Killer in PM: /patch super mario world samus
2017-07-04 02:22:57,151:INFO: Command by Killer in PM: /patch super mario world br
2017-07-04 02:23:21,681:INFO: Command by Killer in PM: /patch Super Mario World (BR Traduções)
2017-07-04 02:23:37,929:INFO: Command by Killer in PM: /patch super mario world br tradu
2017-07-04 02:23:48,790:INFO: Command by Killer in PM: /patch super mario world br traduções
2017-07-04 02:23:54,129:INFO: Command by Killer in PM: /patch br traduções
2017-07-04 02:25:04,439:INFO: Command by Killer in PM: /traducao Super Mario World (BR Traduções)
2017-07-04 02:25:42,971:INFO: Command by Killer in PM: /traducao Super Mario World (BR Traduções)
2017-07-04 02:29:08,400:INFO: Command by Killer in PM: /traducao Super Mario World (BR Traduções)
2017-07-04 02:30:10,382:INFO: Command by Killer in PM: /traducao Super Mario World (BR Traduções)
2017-07-04 02:31:22,428:INFO: Command by Killer in PM: /traducao Super Mario World (BR Traduções)
2017-07-04 02:31:50,525:INFO: Command by Killer in PM: /traducao Super Mario World (BR Traduções)
2017-07-04 02:34:33,038:INFO: Command by Killer in PM: /traducao Super Mario World (BR Traduções)
2017-07-04 02:35:29,036:INFO: Command by Killer in PM: /traducao Super Mario World (BR Traduções)
2017-07-04 02:39:17,516:INFO: Command by Killer in PM: /traducao Super Mario World (BR Traduções)
2017-07-04 02:56:38,367:INFO: Command by Killer in PM: /patch denim
2017-07-04 02:57:07,392:INFO: Command by Killer in PM: /patch donkey Kong country denim
2017-07-04 08:14:56,394:INFO: Command by Killer in PM: /help
2017-07-04 08:15:04,460:INFO: Command by Killer in PM: /patch monkey
2017-07-04 08:15:07,867:INFO: Command by Killer in PM: /tool monkey moore
2017-07-04 08:15:15,392:INFO: Command by Killer in PM: /tool Monkey-Moore (Windows)
2017-07-04 08:31:07,352:INFO: Command by Killer in PM: /tool Monkey-Moore (Windows)
2017-07-04 09:30:40,683:INFO: Command by Killer in #general (Champions): /patch super mario world samus
2017-07-04 09:36:32,869:INFO: Command by denim in #general (Champions): /patch zelda
2017-07-04 09:36:51,974:INFO: Command by denim in #general (Champions): /patch zelda denim
2017-07-04 09:37:06,413:INFO: Command by Killer in #general (Champions): /patch zelda lucjedi
2017-07-04 09:37:27,532:INFO: Command by denim in #general (Champions): /patch zelda monkey
2017-07-04 09:37:43,985:INFO: Command by denim in #general (Champions): /patch zelda monkey past
2017-07-04 09:38:02,714:INFO: Command by Killer in #general (Champions): /patch The Legend of Zelda - A Link to the Past (Hyrule Legends, Trans-Center e Monkey's Traduções)
2017-07-04 09:39:03,668:INFO: Command by denim in #general (Champions): /patch denim
2017-07-04 09:43:28,279:INFO: Command by denim in #general (Champions): /patch mana
2017-07-04 09:43:43,400:INFO: Command by denim in #general (Champions): /patch Mega man
2017-07-04 09:44:53,026:INFO: Command by denim in #general (Champions): /patch skull
2017-07-04 09:47:52,806:INFO: @denim edited a message in #general (Champions):
	'para eu escolher ua pelo id'
	'para eu escolher uma pelo id'
2017-07-04 09:53:48,530:INFO: Command by Killer in #general (Champions): /help traducao
2017-07-04 21:08:06,409:INFO: Command by Killer in PM: /help
2017-07-04 21:08:22,899:INFO: Command by Killer in PM: /diagnose
2017-07-04 21:08:34,790:INFO: Command by Killer in #general (Champions): /diagnose
2017-07-04 21:08:55,075:INFO: Command by Killer in #general (Champions): /setwelcome teste
2017-07-04 21:10:00,505:INFO: Command by Killer in #general (Champions): /makesay Opa beleza?
2017-07-04 21:10:00,801:INFO: A message by @Killer was deleted in #general (Champions):
	'/makesay Opa beleza?'
2017-07-04 21:10:33,762:INFO: Command by Killer in PM: /stalk
2017-07-04 21:10:37,215:INFO: Command by Killer in PM: /stalk oi
2017-07-04 21:10:41,577:INFO: Command by Killer in PM: /help stalk
2017-07-04 21:11:21,377:INFO: Command by Killer in PM: /admins_message eae
2017-07-04 21:11:39,986:INFO: Command by Killer in PM: /debug
2017-07-04 21:11:53,387:INFO: Command by Killer in PM: /servers
2017-07-04 21:13:20,391:INFO: Command by Killer in PM: /servers
2017-07-04 21:13:32,046:INFO: Command by Killer in #general (Champions): /servers
2017-07-04 21:19:04,644:INFO: Command by Killer in #geral (RHBR): /servers
2017-07-04 21:19:50,901:INFO: Command by Killer in PM: /help
2017-07-04 21:20:20,548:INFO: Command by Killer in #geral (RHBR): /makesay eu gosto de pipoca
2017-07-04 21:20:31,118:INFO: Command by Killer in #geral (RHBR): /diagnose
2017-07-04 21:21:46,047:INFO: A message by @Romhacking BR was deleted in #geral (RHBR):
	'Permissions for RHBR:
**Read Messages**
	:white_check_mark: Server wide
	:x: Not in: #administrativo
**Send Messages**
	:white_check_mark: Server wide
	:x: Not in: #administrativo
**Manage Messages**
	:x: Server wide
	 All channels
**Embed Links**
	:white_check_mark: Server wide
	:x: Not in: #administrativo
**Attach Files**
	:white_check_mark: Server wide
	:x: Not in: #administrativo
**Mention Everyone**
	:white_check_mark: Server wide
	:x: Not in: #administrativo
**Add reactions**
	:white_check_mark: Server wide
	:x: Not in: #administrativo
**Read Message History**
	:white_check_mark: Server wide
	:x: Not in: #administrativo

Ask channel:
	:x: Not enabled
Log channel:
	:x: Not enabled'
2017-07-04 21:21:52,599:INFO: A message by @Killer was deleted in #geral (RHBR):
	'ahhh'
2017-07-04 21:21:56,317:INFO: A message by @Killer was deleted in #geral (RHBR):
	'/diagnose'
2017-07-04 21:22:01,429:INFO: Command by Killer in #geral (RHBR): /makesay oi <@102193406729523200>
2017-07-04 21:22:02,000:INFO: A message by @Killer was deleted in #geral (RHBR):
	'/makesay oi @denim'
2017-07-04 21:22:26,989:INFO: Command by Killer in PM: /makesay tudo bem com vocês
2017-07-04 21:22:55,407:INFO: Command by Killer in #geral (RHBR): /patch super mario world samus
2017-07-04 21:25:34,154:INFO: Command by Killer in #general (Champions): /setchannel
2017-07-04 21:25:45,132:INFO: Command by Killer in #general (Champions): /setchannel anuncios
2017-07-04 21:28:57,688:INFO: Command by Killer in #geral (RHBR): /patch super mario world br traduções
2017-07-04 21:29:05,901:INFO: Command by Killer in #geral (RHBR): /patch Super Mario World (BR Traduções)
2017-07-04 21:45:24,784:INFO: A message by @Mini Me was deleted in #geral (RHBR):
	'Alguém me explica o que tem na cabeça de um filho da ---- desse.'
2017-07-04 21:45:45,044:INFO: @Mini Me edited a message in #geral (RHBR):
	'Aí o cara me pergunta: Como é que eu faço esse negócio aqui?
Eu explico: é assim.
Ele mostra uma imagem daquilo que ele é mostrar.
Ele me mostra uma determinada parte de um arquivo binário (de um SMPS).
Eu pergunto pra ele o que é que ele tá procurando lá e explico a função daqueles bytes que mostrou.
Ele me responde que não sabe e põe emoticon de agonia.
Eu explico: Esse negócio é isso e isso e funciona de tal maneira.
Ele me responde: Eu sei.

...e ainda me deixa pra mim um "textinho" explicando aquilo que eu o expliquei (ou ao menos tentei explicar).'
	'Aí o cara me pergunta: Como é que eu faço esse negócio aqui?
Eu explico: é assim.
Ele mostra uma imagem daquilo que ele é mostrar.
Ele me mostra uma determinada parte de um arquivo binário (de um SMPS).
Eu pergunto pra ele o que é que ele tá procurando lá e explico a função daqueles bytes que mostrou.
Ele me responde que não sabe e põe emoticon de agonia.
Eu explico: Esse negócio é isso e isso e funciona de tal maneira.
Ele me responde: Eu sei.

...e ainda me deixa pra mim um "textinho" explicando aquilo que eu o expliquei (ou ao menos tentei explicar).

Alguém me ajude a entender o que tem na cabeça de um filho da ---- desse.'
2017-07-04 21:46:33,346:INFO: @Mini Me edited a message in #geral (RHBR):
	'Aí o cara me pergunta: Como é que eu faço esse negócio aqui?
Eu explico: é assim.
Ele mostra uma imagem daquilo que ele é mostrar.
Ele me mostra uma determinada parte de um arquivo binário (de um SMPS).
Eu pergunto pra ele o que é que ele tá procurando lá e explico a função daqueles bytes que mostrou.
Ele me responde que não sabe e põe emoticon de agonia.
Eu explico: Esse negócio é isso e isso e funciona de tal maneira.
Ele me responde: Eu sei.

...e ainda me deixa pra mim um "textinho" explicando aquilo que eu o expliquei (ou ao menos tentei explicar).

Alguém me ajude a entender o que tem na cabeça de um filho da ---- desse.'
	'Aí o cara me pergunta: Como é que eu faço esse negócio aqui?
Eu explico: é assim.
Ele mostra uma imagem daquilo que ele quer mostrar.
Ele me mostra uma determinada parte de um arquivo binário (de um SMPS).
Eu pergunto pra ele o que é que ele tá procurando lá e explico a função daqueles bytes que mostrou.
Ele me responde que não sabe e põe emoticon de agonia.
Eu explico: Esse negócio é isso e isso e funciona de tal maneira.
Ele me responde: Eu sei.

...e ainda me deixa pra mim um "textinho" explicando aquilo que eu o expliquei (ou ao menos tentei explicar).

Alguém me ajude a entender o que tem na cabeça de um filho da ---- desse.'
2017-07-04 21:51:54,361:INFO: Command by Killer in PM: /help
2017-07-04 21:52:00,948:INFO: Command by Killer in PM: /help kick
2017-07-04 21:52:10,841:INFO: Command by Killer in PM: /kick a
2017-07-04 21:52:18,850:INFO: Command by Killer in #general (Champions): /kick <@102193406729523200>
2017-07-04 21:53:18,721:INFO: Command by Killer in #general (Champions): /kick <@102193406729523200>
2017-07-04 21:54:46,882:INFO: Command by Killer in PM: /kick @denim
2017-07-04 21:55:12,612:INFO: Command by Killer in PM: /kick @denim
2017-07-04 22:05:51,248:INFO: Command by Killer in PM: /kick @Killer#9093
2017-07-04 22:06:21,356:INFO: Command by Killer in PM: /kick @Killer#9093
2017-07-04 22:06:57,248:INFO: Command by Killer in #general (Champions): /kick <@102193406729523200>
2017-07-04 22:19:59,363:INFO: Command by Killer in #general (Champions): /kick <@102193406729523200>
2017-07-04 22:23:33,196:INFO: Command by Killer in #general (Champions): /kick <@102193406729523200>
2017-07-04 22:24:02,638:INFO: Command by Killer in #general (Champions): /kick <@102193406729523200>
2017-07-04 22:25:13,484:INFO: Command by Killer in #general (Champions): /kick <@102193406729523200>
2017-07-04 22:30:09,531:INFO: Command by Killer in PM: /kick @Killer#9093
2017-07-04 22:30:28,945:INFO: Command by Killer in PM: /kick @Killer#9093
2017-07-04 22:31:09,338:INFO: Command by Killer in #general (Champions): /kick <@102193406729523200> <@227171028072267778> não se dão bem
2017-07-04 22:32:59,984:INFO: Command by Killer in #general (Champions): /kick <@102193406729523200> <@227171028072267778> não se dão bem
2017-07-04 22:33:40,386:INFO: Command by Killer in #general (Champions): /kick <@102193406729523200> <@227171028072267778> não se dão bem
2017-07-04 22:35:56,250:INFO: Command by Killer in PM: /kick @denim @Hifumi não se dão bem
2017-07-04 22:39:24,644:INFO: Command by Killer in #general (Champions): /kick <@102193406729523200> <@227171028072267778> não se dão bem
2017-07-04 22:43:51,877:INFO: Command by Killer in #general (Champions): /kick <@102193406729523200> <@227171028072267778> não se dão bem
2017-07-04 22:44:57,833:INFO: Command by Killer in #general (Champions): /kick <@102193406729523200> <@227171028072267778> não se dão bem
2017-07-04 22:45:06,357:INFO: Command by Killer in #general (Champions): /kick <@102193406729523200> <@227171028072267778> não se dão bem
2017-07-04 22:46:55,060:INFO: Command by Killer in #general (Champions): /kick <@102193406729523200> <@227171028072267778> não se dão bem
2017-07-04 22:59:16,632:INFO: Command by Killer in #general (Champions): /kick <@102193406729523200> oi
2017-07-04 23:00:32,601:INFO: Command by Killer in #general (Champions): /kick <@102193406729523200> oi
2017-07-04 23:04:56,252:INFO: Command by Killer in #general (Champions): /kick <@102193406729523200> oi
2017-07-04 23:05:13,711:INFO: Command by Killer in #general (Champions): /kick <@102193406729523200> oi
2017-07-04 23:05:14,340:INFO: denim (ID:102193406729523200) left or was kicked from Champions
2017-07-04 23:12:27,749:INFO: Command by Killer in #general (Champions): /kick <@145348710287540224>
2017-07-04 23:15:25,577:INFO: Command by Killer in #general (Champions): /kick <@145348710287540224>
2017-07-04 23:16:20,004:INFO: Command by Killer in #general (Champions): /kick <@145348710287540224>
2017-07-04 23:19:50,963:INFO: Command by Killer in #general (Champions): /kick <@145348710287540224>
2017-07-04 23:44:48,839:INFO: Command by Killer in #general (Champions): /kick <@145348710287540224>
2017-07-04 23:44:53,584:INFO: Command by Killer in #general (Champions): /getbans
2017-07-04 23:45:50,046:INFO: Command by Killer in #general (Champions): /getbans
2017-07-04 23:46:47,444:INFO: Command by Killer in #general (Champions): /getbans
2017-07-04 23:49:12,103:INFO: Command by Killer in #general (Champions): /getbans
2017-07-04 23:49:35,323:INFO: Command by Killer in #general (Champions): /getbans
2017-07-04 23:50:09,079:INFO: Command by Killer in #general (Champions): /getbans
2017-07-04 23:51:01,333:INFO: Command by Killer in #general (Champions): /getbans
2017-07-04 23:51:33,461:INFO: Command by Killer in #general (Champions): /getbans
2017-07-05 00:01:18,541:INFO: Command by Killer in #general (Champions): /getbans
2017-07-05 00:01:39,222:INFO: Command by Killer in #general (Champions): /ban
2017-07-05 00:01:42,958:INFO: Command by Killer in #general (Champions): /kick
2017-07-05 00:01:48,578:INFO: Command by Killer in #general (Champions): /help
2017-07-05 00:04:42,778:INFO: Command by Killer in #general (Servidor de Teste): /ban <@227171028072267778>
2017-07-05 00:05:42,606:INFO: Command by Killer in #general (Servidor de Teste): /ban <@227171028072267778>
2017-07-05 00:05:53,816:INFO: Command by Killer in #general (Servidor de Teste): /kick <@227171028072267778>
2017-07-05 00:15:42,111:INFO: Magalicia (ID: 196085638397689856) joined Servidor de Teste
2017-07-05 00:24:40,136:INFO: Command by Killer in #general (Servidor de Teste): /kick <@196085638397689856>
2017-07-05 00:40:02,911:INFO: Command by Killer in #general (Servidor de Teste): /kick <@196085638397689856>
2017-07-05 00:40:45,529:INFO: Command by Killer in #general (Servidor de Teste): /kick <@196085638397689856>
2017-07-05 00:40:46,178:INFO: Magalicia (ID:196085638397689856) left or was kicked from Servidor de Teste
2017-07-05 00:41:17,836:INFO: Magalicia (ID: 196085638397689856) joined Servidor de Teste
2017-07-05 00:43:32,086:INFO: Command by Killer in #general (Servidor de Teste): /ban <@196085638397689856> teste de motivo
2017-07-05 00:43:32,762:WARNING: Magalicia (ID:196085638397689856) was banned from Servidor de Teste
2017-07-05 00:43:32,763:INFO: Magalicia (ID:196085638397689856) left or was kicked from Servidor de Teste
2017-07-05 00:43:42,528:INFO: Command by Killer in #general (Servidor de Teste): /getbans
2017-07-05 00:44:00,660:INFO: Command by Killer in #general (Servidor de Teste): /unban @Magalicia
2017-07-05 00:44:17,912:INFO: Command by Killer in #general (Servidor de Teste): /unban @Magalicia#315
2017-07-05 00:44:25,229:INFO: Command by Killer in #general (Servidor de Teste): /unban @@Magalicia#3159
2017-07-05 00:44:35,375:INFO: Command by Killer in #general (Servidor de Teste): /unban @Magalicia#3159
2017-07-05 00:44:54,186:WARNING: Magalicia (ID:196085638397689856) was unbanned from Servidor de Teste
2017-07-05 00:45:36,533:INFO: Magalicia (ID: 196085638397689856) joined Servidor de Teste
2017-07-05 00:45:50,599:INFO: Command by Killer in #general (Servidor de Teste): /getbans
2017-07-05 01:17:12,207:INFO: Command by Killer in #general (Servidor de Teste): /unban teste
2017-07-05 01:17:39,990:INFO: Command by Killer in #general (Servidor de Teste): /unban teste
2017-07-05 01:17:52,974:INFO: Command by Killer in #general (Servidor de Teste): /ban <@196085638397689856>
2017-07-05 01:17:53,561:WARNING: Magalicia (ID:196085638397689856) was banned from Servidor de Teste
2017-07-05 01:17:53,565:INFO: Magalicia (ID:196085638397689856) left or was kicked from Servidor de Teste
2017-07-05 01:18:00,272:INFO: Command by Killer in #general (Servidor de Teste): /unban Magalicia
2017-07-05 01:21:48,215:INFO: Command by Killer in #general (Servidor de Teste): /unban Magalicia
2017-07-05 01:28:22,175:INFO: Command by Killer in #general (Servidor de Teste): /unban Magalicia
2017-07-05 01:48:05,943:INFO: Command by Killer in #general (Servidor de Teste): /unban Magalicia
2017-07-05 01:48:51,207:INFO: Command by Killer in #general (Servidor de Teste): /unban Magalicia
2017-07-05 01:49:43,376:INFO: Command by Killer in #general (Servidor de Teste): /unban Magalicia
2017-07-05 01:49:44,067:WARNING: Magalicia (ID:196085638397689856) was unbanned from Servidor de Teste
2017-07-05 02:00:50,939:INFO: Command by Killer in #general (Servidor de Teste): /unban Magalicia
2017-07-05 02:16:23,158:INFO: Command by Killer in #general (Servidor de Teste): /patch donkey Kong
2017-07-05 02:16:39,280:INFO: Command by Killer in #general (Servidor de Teste): /patch donkey Kong country 2
2017-07-05 08:16:10,338:INFO: Command by Killer in #general (Servidor de Teste): /kick <@159985870458322944>
2017-07-05 08:16:44,600:INFO: MJay (ID: 197753115238203392) joined Servidor de Teste
2017-07-05 08:17:01,736:INFO: Command by Killer in #general (Servidor de Teste): /ban <@197753115238203392>
2017-07-05 08:17:02,271:WARNING: MJay (ID:197753115238203392) was banned from Servidor de Teste
2017-07-05 08:17:02,272:INFO: MJay (ID:197753115238203392) left or was kicked from Servidor de Teste
2017-07-05 08:17:13,308:INFO: Command by Killer in #general (Servidor de Teste): /unban
2017-07-05 08:17:31,616:INFO: Command by Killer in #general (Servidor de Teste): /unban MJay
2017-07-05 08:17:32,211:WARNING: MJay (ID:197753115238203392) was unbanned from Servidor de Teste
2017-07-05 09:52:49,635:INFO: Command by Killer in PM: /makesay coeh
2017-07-05 10:09:47,553:INFO: Command by Killer in PM: /makesay medesculpa
2017-07-05 11:00:24,456:INFO: Command by Killer in PM: /help
2017-07-05 11:00:30,248:INFO: Command by Killer in PM: /server
2017-07-05 11:00:36,868:INFO: Command by Killer in PM: /kick
2017-07-05 11:00:49,990:INFO: Command by Killer in PM: /servers
2017-07-05 11:44:53,036:INFO: A message by @OX-Carnage was deleted in #geral (RHBR):
	''
	Attached file: indice3.bmp
2017-07-05 12:23:33,208:INFO: @Yusukke edited a message in #geral (RHBR):
	'@Magalicia Lygia e trauma  center'
	'@Magalicia Lufia e trauma  center'
2017-07-05 12:38:19,602:INFO: @bMatSantos edited a message in #geral (RHBR):
	'vou empurrar os gfx pra versão final q pe melhor para mim'
	'vou empurrar os gfx pra versão final q é melhorr para mim'
2017-07-05 12:39:18,829:INFO: @Yusukke edited a message in #geral (RHBR):
	'Vou  atualizar a tabela com os nomes midificados'
	'Vou  atuaizar a tabela com os nomes modificados'
2017-07-05 13:01:00,968:INFO: @denim edited a message in #geral (RHBR):
	'@spyblack mmx3'
	'@spyblack mmx4'
2017-07-05 13:24:40,179:INFO: Command by Killer in #general (Servidor de Teste): /help
2017-07-05 13:24:49,712:INFO: Command by Killer in #geral (RHBR): /getbans
2017-07-05 13:25:01,213:INFO: Command by Killer in #general (Servidor de Teste): /getbans
2017-07-05 13:25:45,982:INFO: Command by Killer in #general (Servidor de Teste): /getbans
2017-07-05 13:26:47,686:INFO: Command by Killer in #geral (RHBR): /getbans
2017-07-05 15:02:37,337:INFO: @Steve_Doido edited a message in #geral (RHBR):
	'@Romhacking BR Como é ess jogo?'
	'@Romhacking BR Como é esse jogo?'
2017-07-05 15:09:25,216:INFO: Command by Killer in PM: /makesay huehuehue
2017-07-05 16:55:48,585:INFO: @Sliter edited a message in #geral (RHBR):
	'eu lembro d eum projeto do livro que ocalziava os termos'
	'eu lembro d eum projeto do livro que localizava os termos'
2017-07-05 17:15:26,500:INFO: @Sliter edited a message in #geral (RHBR):
	'@maga explica mine meme'
	'@Magalicia  explica mine meme'
2017-07-05 17:28:16,593:INFO: @Sliter edited a message in #geral (RHBR):
	'ma sé curioso .. lembrod e um fanprojeto aintigo d eum zedla oot em 2D ( o priemio e era muito mais lindo dos que existem hoje ...)'
	'ma sé curioso .. lembro de um fan projeto antigo de um zelda oot em 2D ( o primeio e era muito mais lindo dos que existem hoje ...)'
2017-07-05 17:44:24,812:INFO: @Sliter edited a message in #geral (RHBR):
	'tia=rando ondinah comigo'
	'tirando ondinah comigo'
2017-07-05 17:44:53,060:INFO: @Ondinha edited a message in #geral (RHBR):
	'é o que eu sei fazer melhor voru'
	'é o que eu sei fazer melhor brou'
2017-07-05 17:46:16,343:INFO: @Steve_Doido edited a message in #geral (RHBR):
	'@denim ajuda o cara qui'
	'@denim ajuda o cara aqui'
2017-07-05 17:50:37,611:INFO: @Solid One edited a message in #geral (RHBR):
	'```c#
...
if(Digitado == 'a'){
   printf("digitou 'a'");
} else if(Digitado == 'b'){
   printf("digitou 'b'");
} else if(Digitado == 'c'){
   printf("digitou 'c'");
} else if(Digitado == 'd'){
   printf("digitou 'd'");
} else if(Digitado == 'e'){
   printf("digitou 'e'");
}
```'
	'@MJay 
```c
...
if(Digitado == 'a'){
   printf("digitou 'a'");
} else if(Digitado == 'b'){
   printf("digitou 'b'");
} else if(Digitado == 'c'){
   printf("digitou 'c'");
} else if(Digitado == 'd'){
   printf("digitou 'd'");
} else if(Digitado == 'e'){
   printf("digitou 'e'");
}
```'
2017-07-05 17:53:12,653:INFO: @Magalicia edited a message in #geral (RHBR):
	'```switch (Digitado){
case 'a': printf()
case 'b': printf()
case 'c': printf()
case 'd': printf()
case 'e': printf()
}```
É bem melhor assim'
	'```switch (Digitado){
case 'a': printf()
case 'b': printf()
case 'c': printf()
case 'd': printf()
case 'e': printf()
}```
É bem melhor assim
@MJay'
2017-07-05 17:53:29,752:INFO: @Killer edited a message in #geral (RHBR):
	'```C#
if(Digitado == 'a'){
   printf("digitou 'a'");
} else if(Digitado == 'b'){
   printf("digitou 'b'");
} else if(Digitado == 'c'){
   printf("digitou 'c'");
} else if(Digitado == 'd'){
   printf("digitou 'd'");
} else if(Digitado == 'e'){
   printf("digitou 'e'");
} else {
  printf("digitou outra coisa"};
}
```'
	'```c#
if(Digitado == 'a'){
   printf("digitou 'a'");
} else if(Digitado == 'b'){
   printf("digitou 'b'");
} else if(Digitado == 'c'){
   printf("digitou 'c'");
} else if(Digitado == 'd'){
   printf("digitou 'd'");
} else if(Digitado == 'e'){
   printf("digitou 'e'");
} else {
  printf("digitou outra coisa"};
}
```'
2017-07-05 17:53:33,210:INFO: @Killer edited a message in #geral (RHBR):
	'```c#
if(Digitado == 'a'){
   printf("digitou 'a'");
} else if(Digitado == 'b'){
   printf("digitou 'b'");
} else if(Digitado == 'c'){
   printf("digitou 'c'");
} else if(Digitado == 'd'){
   printf("digitou 'd'");
} else if(Digitado == 'e'){
   printf("digitou 'e'");
} else {
  printf("digitou outra coisa"};
}
```'
	'```c
if(Digitado == 'a'){
   printf("digitou 'a'");
} else if(Digitado == 'b'){
   printf("digitou 'b'");
} else if(Digitado == 'c'){
   printf("digitou 'c'");
} else if(Digitado == 'd'){
   printf("digitou 'd'");
} else if(Digitado == 'e'){
   printf("digitou 'e'");
} else {
  printf("digitou outra coisa"};
}
```'
2017-07-05 17:54:37,986:INFO: @NãoImportante edited a message in #geral (RHBR):
	'@MJay  lol vc sabe c#, fez akgum curso?'
	'@MJay  lol vc sabe c#, fez algum curso?'
2017-07-05 17:55:35,707:INFO: A message by @Ondinha was deleted in #geral (RHBR):
	'/giphy nintendo switch'
2017-07-05 17:57:25,252:INFO: Command by Anime_World in #geral (RHBR): /kick <@203252271679537152>
2017-07-05 17:57:26,586:INFO: NãoImportante (ID:203252271679537152) left or was kicked from RHBR
2017-07-05 18:03:10,497:INFO: @Magalicia edited a message in #geral (RHBR):
	'Java da lag só de falar rçrç'
	'Java dá lag só de falar rçrç'
2017-07-05 18:03:21,065:INFO: Command by Magalicia in #geral (RHBR): /kick Mjay
2017-07-05 18:10:09,129:INFO: Command by Killer in #geral (RHBR): /kick <@242071789944045588>
2017-07-05 18:11:49,841:INFO: Command by Killer in #geral (RHBR): /kick <@242071789944045588>
2017-07-05 18:11:50,708:INFO: Tedenfe (ID:242071789944045588) left or was kicked from RHBR
2017-07-05 18:17:51,448:INFO: @Ondinha edited a message in #geral (RHBR):
	'e PHP é linguagem de gay, porque todo gay é frustrado porque não sabe dar o C direiro'
	'e PHP é linguagem de gay, porque todo gay é frustrado porque não sabe dar o C direito'
2017-07-05 18:21:51,819:INFO: Tedenfe (ID: 242071789944045588) joined RHBR
2017-07-05 18:26:28,849:INFO: @Ondinha edited a message in #geral (RHBR):
	'@meu_textão_de'
	'@meu_textão_de_hoje_tchau'
2017-07-05 18:42:01,370:INFO: Command by Killer in #general (Servidor de Teste): /setwelcome
2017-07-05 18:42:17,663:INFO: Command by Killer in #geral (RHBR): /setwelcome
2017-07-05 18:57:12,914:INFO: @Anime_World edited a message in #geral (RHBR):
	'```python
#!/usr/bin/python

if __name__ == '__main__':
    f(x) = lamda x: {'a':'o caracter "a"', 'b':'o caracter "b"', 'c':'o caracter "c"'}.get(x, 'um caracter não mapeado')
    v = input('Digite um valor:')
    print('Você digitou:'+f(v))
```'
	'```python
#!/usr/bin/python

if __name__ == '__main__':
    f = lambda x: {'a':'o caracter "a"', 'b':'o caracter "b"', 'c':'o caracter "c"'}.get(x, 'um caracter não mapeado')
    v = input('Digite um valor:')
    print('Você digitou:'+f(v))
```'
2017-07-05 19:15:55,059:INFO: Naty_OS (ID: 268816496921280522) joined RHBR
2017-07-05 19:19:42,029:INFO: @denim edited a message in #geral (RHBR):
	'tava bendo'
	'tava vendo'
2017-07-05 19:56:07,283:INFO: @Steve_Doido edited a message in #geral (RHBR):
	'Tinham que frabricar as coisas aqui, em vez de importar por vias oficiais.'
	'Tinham é que fabricar as coisas aqui, em vez de importar por vias oficiais.'
2017-07-05 19:58:38,285:INFO: @bMatSantos edited a message in #geral (RHBR):
	'tem os rumores da Nintendo negociando com estúdios de dubl'
	'tem os rumores da Nintendo negociando com estúdios de dublagem'
2017-07-05 19:59:49,633:INFO: @denim edited a message in #geral (RHBR):
	'30 pessoas enganas'
	'30 pessoas enganadas'
2017-07-05 19:59:50,540:INFO: @Magalicia edited a message in #geral (RHBR):
	'@denim vai teleportar no final e ele vai processar o carra ll'
	'@denim vai teleportar no final e ele vai processar o cara kk'
2017-07-05 21:35:32,881:INFO: @Solid One edited a message in #geral (RHBR):
	'no entanto, se adotarmos 2 píxels, talvez resolve.'
	'no entanto, se adotarmos 2 píxels, talvez resolva.'
2017-07-05 22:13:43,030:INFO: Command by Killer in #geral (RHBR): /patch picross
2017-07-05 22:38:05,383:INFO: @denim edited a message in #geral (RHBR):
	'se o cara for russo e aparecer com camisa de futebol da rússia, edita e coloque outro páis oras'
	'se o cara for russo e aparecer com camisa de futebol da rússia, edita e coloque outro país oras'
2017-07-05 22:42:03,790:INFO: Command by bMatSantos in #geral (RHBR): /traducao new super mario bros
2017-07-05 22:42:46,167:INFO: Command by Killer in #geral (RHBR): /traducao New Super Mario Bros. Wii (Brazilian Warriors)
2017-07-05 22:47:56,944:INFO: Command by Killer in #geral (RHBR): /patch New Super Mario Bros. Wii (Brazilian Warriors)
2017-07-05 23:40:53,902:INFO: @Sliter edited a message in #geral (RHBR):
	'eu lembro qu fui tentar jogar no emu, errei muito e inda passei ahhaa'
	'eu lembro qu fui tentar jogar no emu, errei muito e ainda passei ahhaa'
